2016-12-07 12:20:20,518 [INFO] gf_ant.py 119: {'mail_host': 'imap.163.com', 'mail_pass': 'abcabc123123', 'mail_user': 'qq3532619@163.com', 'balance': 50000, 'group': 'Ant_001', 'mail_db': 'Ant_001.txt'}
2016-12-07 12:20:22,441 [INFO] gf_ant.py 55: <5834F092.523970.30970@mail-177180.vip.163.com>
2016-12-07 12:20:22,515 [INFO] gf_ant.py 55: <5834F0A6.0C71D7.10141@m181-177.vip.163.com>
2016-12-07 12:20:22,573 [INFO] gf_ant.py 55: <5834F09C.0C7196.10141@m181-177.vip.163.com>
2016-12-07 12:20:22,629 [INFO] gf_ant.py 55: <58364206.0E542B.10141@m181-177.vip.163.com>
2016-12-07 12:20:22,681 [INFO] gf_ant.py 55: <5836422E.542215.30970@mail-177180.vip.163.com>
2016-12-07 12:20:22,751 [INFO] gf_ant.py 55: <5836422F.542218.30970@mail-177180.vip.163.com>
2016-12-07 12:20:22,815 [INFO] gf_ant.py 55: <201611241856492403982@gtomato.com>
2016-12-07 12:20:22,861 [INFO] gf_ant.py 55: <58379383.102925.10141@m181-177.vip.163.com>
2016-12-07 12:20:22,905 [INFO] gf_ant.py 55: <583793A9.55CD6B.30970@mail-177180.vip.163.com>
2016-12-07 12:20:22,982 [INFO] gf_ant.py 55: <583793B7.55CDBC.30970@mail-177180.vip.163.com>
2016-12-07 12:20:23,030 [INFO] gf_ant.py 55: <583B8804.5A072C.30970@mail-177180.vip.163.com>
2016-12-07 12:20:23,073 [INFO] gf_ant.py 55: <583B8827.144D67.10141@m181-177.vip.163.com>
2016-12-07 12:20:23,118 [INFO] gf_ant.py 55: <583B8833.144D97.10141@m181-177.vip.163.com>
2016-12-07 12:20:23,164 [INFO] gf_ant.py 55: <583CD98B.5BFC90.30970@mail-177180.vip.163.com>
2016-12-07 12:20:23,206 [INFO] gf_ant.py 55: <583CD9B9.163490.10141@m181-177.vip.163.com>
2016-12-07 12:20:23,248 [INFO] gf_ant.py 55: <583CD9AC.5BFD00.30970@mail-177180.vip.163.com>
2016-12-07 12:20:23,304 [INFO] gf_ant.py 55: <583E2B06.5E1CB7.30970@mail-177180.vip.163.com>
2016-12-07 12:20:23,363 [INFO] gf_ant.py 55: <583F7D62.6058E4.30970@mail-177180.vip.163.com>
2016-12-07 12:20:23,406 [INFO] gf_ant.py 55: <583F7D72.605920.30970@mail-177180.vip.163.com>
2016-12-07 12:20:23,467 [INFO] gf_ant.py 55: <5840CE0F.62B0F9.30970@mail-177180.vip.163.com>
2016-12-07 12:20:23,523 [INFO] gf_ant.py 55: <5840CE21.1C957A.10141@m181-177.vip.163.com>
2016-12-07 12:20:23,572 [INFO] gf_ant.py 55: <5844C286.218FB0.10141@m181-177.vip.163.com>
2016-12-07 12:20:23,621 [INFO] gf_ant.py 55: <5844C2A0.67B4E2.30970@mail-177180.vip.163.com>
2016-12-07 12:20:23,679 [INFO] gf_ant.py 55: <5846141D.240625.10141@m181-177.vip.163.com>
2016-12-07 12:20:23,728 [INFO] gf_ant.py 55: <58461425.240653.10141@m181-177.vip.163.com>
2016-12-07 12:20:23,790 [INFO] gf_ant.py 55: <5847659B.6C69DA.30970@mail-177180.vip.163.com>
2016-12-07 12:20:23,843 [INFO] gf_ant.py 55: <584765A5.264A40.10141@m181-177.vip.163.com>
2016-12-07 12:21:02,038 [INFO] gf_ant.py 119: {'balance': 50000, 'mail_host': 'imap.163.com', 'mail_user': 'qq3532619@163.com', 'mail_db': 'Ant_001.txt', 'group': 'Ant_001', 'mail_pass': 'abcabc123123'}
2016-12-07 12:21:03,459 [INFO] gf_ant.py 55: <5834F092.523970.30970@mail-177180.vip.163.com>
2016-12-07 12:21:03,507 [INFO] gf_ant.py 55: <5834F0A6.0C71D7.10141@m181-177.vip.163.com>
2016-12-07 12:21:03,556 [INFO] gf_ant.py 55: <5834F09C.0C7196.10141@m181-177.vip.163.com>
2016-12-07 12:21:03,598 [INFO] gf_ant.py 55: <58364206.0E542B.10141@m181-177.vip.163.com>
2016-12-07 12:21:03,642 [INFO] gf_ant.py 55: <5836422E.542215.30970@mail-177180.vip.163.com>
2016-12-07 12:21:03,686 [INFO] gf_ant.py 55: <5836422F.542218.30970@mail-177180.vip.163.com>
2016-12-07 12:21:03,736 [INFO] gf_ant.py 55: <201611241856492403982@gtomato.com>
2016-12-07 12:21:03,779 [INFO] gf_ant.py 55: <58379383.102925.10141@m181-177.vip.163.com>
2016-12-07 12:21:03,822 [INFO] gf_ant.py 55: <583793A9.55CD6B.30970@mail-177180.vip.163.com>
2016-12-07 12:21:03,865 [INFO] gf_ant.py 55: <583793B7.55CDBC.30970@mail-177180.vip.163.com>
2016-12-07 12:21:03,910 [INFO] gf_ant.py 55: <583B8804.5A072C.30970@mail-177180.vip.163.com>
2016-12-07 12:21:03,952 [INFO] gf_ant.py 55: <583B8827.144D67.10141@m181-177.vip.163.com>
2016-12-07 12:21:03,997 [INFO] gf_ant.py 55: <583B8833.144D97.10141@m181-177.vip.163.com>
2016-12-07 12:21:04,041 [INFO] gf_ant.py 55: <583CD98B.5BFC90.30970@mail-177180.vip.163.com>
2016-12-07 12:21:04,085 [INFO] gf_ant.py 55: <583CD9B9.163490.10141@m181-177.vip.163.com>
2016-12-07 12:21:04,130 [INFO] gf_ant.py 55: <583CD9AC.5BFD00.30970@mail-177180.vip.163.com>
2016-12-07 12:21:04,173 [INFO] gf_ant.py 55: <583E2B06.5E1CB7.30970@mail-177180.vip.163.com>
2016-12-07 12:21:04,218 [INFO] gf_ant.py 55: <583F7D62.6058E4.30970@mail-177180.vip.163.com>
2016-12-07 12:21:04,262 [INFO] gf_ant.py 55: <583F7D72.605920.30970@mail-177180.vip.163.com>
2016-12-07 12:21:04,307 [INFO] gf_ant.py 55: <5840CE0F.62B0F9.30970@mail-177180.vip.163.com>
2016-12-07 12:21:04,349 [INFO] gf_ant.py 55: <5840CE21.1C957A.10141@m181-177.vip.163.com>
2016-12-07 12:21:04,394 [INFO] gf_ant.py 55: <5844C286.218FB0.10141@m181-177.vip.163.com>
2016-12-07 12:21:04,436 [INFO] gf_ant.py 55: <5844C2A0.67B4E2.30970@mail-177180.vip.163.com>
2016-12-07 12:21:04,479 [INFO] gf_ant.py 55: <5846141D.240625.10141@m181-177.vip.163.com>
2016-12-07 12:21:04,521 [INFO] gf_ant.py 55: <58461425.240653.10141@m181-177.vip.163.com>
2016-12-07 12:21:04,571 [INFO] gf_ant.py 55: <5847659B.6C69DA.30970@mail-177180.vip.163.com>
2016-12-07 12:21:04,616 [INFO] gf_ant.py 55: <584765A5.264A40.10141@m181-177.vip.163.com>
2016-12-07 12:21:04,741 [INFO] gf_ant.py 136: {'success': True, 'data': [{'par_value': '1.000', 'stock_account': 'A471547189', 'av_buy_price': '12.680', 'stock_code': '600080', 'av_income_balance': '0', 'income_balance': '211.00', 'cost_balance': '11417.00', 'asset_price': '12.920', 'enable_amount': '900.00', 'last_price': '12.9200', 'income_balance_nofare': '211.00', 'entrust_sell_amount': '0', 'client_id': '031200006103', 'stock_type': '0', 'uncome_buy_amount': '0', 'delist_flag': '0', 'stock_name': '金花股份', 'hold_amount': '900.00', 'exchange_type': '1', 'current_amount': '900.00', 'fund_account': '26105966', 'delist_date': '0', 'cost_price': '12.686', 'real_buy_amount': '0', 'uncome_sell_amount': '0', 'market_value': '11628.00', 'position_str': '0031200000000002610596600010000000000A471547189600080', 'profit_ratio': '1.84', 'exchange_type_dict': '上海', 'hand_flag': '0', 'frozen_amount': '0', 'keep_cost_price': '12.686', 'real_sell_amount': '0'}, {'par_value': '1.000', 'stock_account': 'A471547189', 'av_buy_price': '10.320', 'stock_code': '600302', 'av_income_balance': '0', 'income_balance': '138.00', 'cost_balance': '11357.00', 'asset_price': '10.450', 'enable_amount': '1100.00', 'last_price': '10.4500', 'income_balance_nofare': '138.00', 'entrust_sell_amount': '0', 'client_id': '031200006103', 'stock_type': '0', 'uncome_buy_amount': '0', 'delist_flag': '0', 'stock_name': '标准股份', 'hold_amount': '1100.00', 'exchange_type': '1', 'current_amount': '1100.00', 'fund_account': '26105966', 'delist_date': '0', 'cost_price': '10.325', 'real_buy_amount': '0', 'uncome_sell_amount': '0', 'market_value': '11495.00', 'position_str': '0031200000000002610596600010000000000A471547189600302', 'profit_ratio': '1.21', 'exchange_type_dict': '上海', 'hand_flag': '0', 'frozen_amount': '0', 'keep_cost_price': '10.325', 'real_sell_amount': '0'}, {'par_value': '1.000', 'stock_account': 'A471547189', 'av_buy_price': '10.010', 'stock_code': '600738', 'av_income_balance': '0', 'income_balance': '-394.00', 'cost_balance': '24034.00', 'asset_price': '9.850', 'enable_amount': '2400.00', 'last_price': '9.8500', 'income_balance_nofare': '-394.00', 'entrust_sell_amount': '0', 'client_id': '031200006103', 'stock_type': '0', 'uncome_buy_amount': '0', 'delist_flag': '0', 'stock_name': '兰州民百', 'hold_amount': '2400.00', 'exchange_type': '1', 'current_amount': '2400.00', 'fund_account': '26105966', 'delist_date': '0', 'cost_price': '10.014', 'real_buy_amount': '0', 'uncome_sell_amount': '0', 'market_value': '23640.00', 'position_str': '0031200000000002610596600010000000000A471547189600738', 'profit_ratio': '-1.64', 'exchange_type_dict': '上海', 'hand_flag': '0', 'frozen_amount': '0', 'keep_cost_price': '10.014', 'real_sell_amount': '0'}], 'error_no': 0, 'total': 3}
2016-12-07 12:21:04,746 [INFO] gf_ant.py 137: {'sell': [], 'date': '2016-12-07', 'buy': []}
2016-12-07 12:21:04,746 [INFO] gf_ant.py 162: ant working ending
2016-12-07 12:22:13,513 [INFO] gf_ant.py 119: {'group': 'Ant_001', 'mail_user': 'qq3532619@163.com', 'mail_host': 'imap.163.com', 'mail_pass': 'abcabc123123', 'mail_db': 'Ant_001.txt', 'balance': 50000}
2016-12-07 12:22:15,108 [INFO] gf_ant.py 55: <5834F092.523970.30970@mail-177180.vip.163.com>
2016-12-07 12:22:15,198 [INFO] gf_ant.py 55: <5834F0A6.0C71D7.10141@m181-177.vip.163.com>
2016-12-07 12:22:15,305 [INFO] gf_ant.py 55: <5834F09C.0C7196.10141@m181-177.vip.163.com>
2016-12-07 12:22:15,400 [INFO] gf_ant.py 55: <58364206.0E542B.10141@m181-177.vip.163.com>
2016-12-07 12:22:15,514 [INFO] gf_ant.py 55: <5836422E.542215.30970@mail-177180.vip.163.com>
2016-12-07 12:22:15,642 [INFO] gf_ant.py 55: <5836422F.542218.30970@mail-177180.vip.163.com>
2016-12-07 12:22:15,738 [INFO] gf_ant.py 55: <201611241856492403982@gtomato.com>
2016-12-07 12:22:15,826 [INFO] gf_ant.py 55: <58379383.102925.10141@m181-177.vip.163.com>
2016-12-07 12:22:15,919 [INFO] gf_ant.py 55: <583793A9.55CD6B.30970@mail-177180.vip.163.com>
2016-12-07 12:22:16,022 [INFO] gf_ant.py 55: <583793B7.55CDBC.30970@mail-177180.vip.163.com>
2016-12-07 12:22:16,132 [INFO] gf_ant.py 55: <583B8804.5A072C.30970@mail-177180.vip.163.com>
2016-12-07 12:22:16,247 [INFO] gf_ant.py 55: <583B8827.144D67.10141@m181-177.vip.163.com>
2016-12-07 12:22:16,372 [INFO] gf_ant.py 55: <583B8833.144D97.10141@m181-177.vip.163.com>
2016-12-07 12:22:16,502 [INFO] gf_ant.py 55: <583CD98B.5BFC90.30970@mail-177180.vip.163.com>
2016-12-07 12:22:16,650 [INFO] gf_ant.py 55: <583CD9B9.163490.10141@m181-177.vip.163.com>
2016-12-07 12:22:16,785 [INFO] gf_ant.py 55: <583CD9AC.5BFD00.30970@mail-177180.vip.163.com>
2016-12-07 12:22:16,919 [INFO] gf_ant.py 55: <583E2B06.5E1CB7.30970@mail-177180.vip.163.com>
2016-12-07 12:22:17,079 [INFO] gf_ant.py 55: <583F7D62.6058E4.30970@mail-177180.vip.163.com>
2016-12-07 12:22:17,204 [INFO] gf_ant.py 55: <583F7D72.605920.30970@mail-177180.vip.163.com>
2016-12-07 12:22:17,337 [INFO] gf_ant.py 55: <5840CE0F.62B0F9.30970@mail-177180.vip.163.com>
2016-12-07 12:22:17,482 [INFO] gf_ant.py 55: <5840CE21.1C957A.10141@m181-177.vip.163.com>
2016-12-07 12:22:17,668 [INFO] gf_ant.py 55: <5844C286.218FB0.10141@m181-177.vip.163.com>
2016-12-07 12:22:17,855 [INFO] gf_ant.py 55: <5844C2A0.67B4E2.30970@mail-177180.vip.163.com>
2016-12-07 12:22:18,031 [INFO] gf_ant.py 55: <5846141D.240625.10141@m181-177.vip.163.com>
2016-12-07 12:22:18,204 [INFO] gf_ant.py 55: <58461425.240653.10141@m181-177.vip.163.com>
2016-12-07 12:22:18,342 [INFO] gf_ant.py 55: <5847659B.6C69DA.30970@mail-177180.vip.163.com>
2016-12-07 12:22:18,483 [INFO] gf_ant.py 55: <584765A5.264A40.10141@m181-177.vip.163.com>
2016-12-07 12:22:18,484 [INFO] gf_ant.py 74: mail is handled
2016-12-07 12:22:18,793 [INFO] gf_ant.py 136: {'data': [{'real_buy_amount': '0', 'delist_flag': '0', 'keep_cost_price': '12.686', 'fund_account': '26105966', 'client_id': '031200006103', 'exchange_type': '1', 'asset_price': '12.920', 'hold_amount': '900.00', 'frozen_amount': '0', 'cost_price': '12.686', 'profit_ratio': '1.84', 'income_balance': '211.00', 'av_buy_price': '12.680', 'stock_account': 'A471547189', 'current_amount': '900.00', 'av_income_balance': '0', 'real_sell_amount': '0', 'uncome_sell_amount': '0', 'par_value': '1.000', 'last_price': '12.9200', 'delist_date': '0', 'exchange_type_dict': '上海', 'market_value': '11628.00', 'hand_flag': '0', 'position_str': '0031200000000002610596600010000000000A471547189600080', 'stock_code': '600080', 'cost_balance': '11417.00', 'stock_name': '金花股份', 'entrust_sell_amount': '0', 'enable_amount': '900.00', 'stock_type': '0', 'income_balance_nofare': '211.00', 'uncome_buy_amount': '0'}, {'real_buy_amount': '0', 'delist_flag': '0', 'keep_cost_price': '10.325', 'fund_account': '26105966', 'client_id': '031200006103', 'exchange_type': '1', 'asset_price': '10.450', 'hold_amount': '1100.00', 'frozen_amount': '0', 'cost_price': '10.325', 'profit_ratio': '1.21', 'income_balance': '138.00', 'av_buy_price': '10.320', 'stock_account': 'A471547189', 'current_amount': '1100.00', 'av_income_balance': '0', 'real_sell_amount': '0', 'uncome_sell_amount': '0', 'par_value': '1.000', 'last_price': '10.4500', 'delist_date': '0', 'exchange_type_dict': '上海', 'market_value': '11495.00', 'hand_flag': '0', 'position_str': '0031200000000002610596600010000000000A471547189600302', 'stock_code': '600302', 'cost_balance': '11357.00', 'stock_name': '标准股份', 'entrust_sell_amount': '0', 'enable_amount': '1100.00', 'stock_type': '0', 'income_balance_nofare': '138.00', 'uncome_buy_amount': '0'}, {'real_buy_amount': '0', 'delist_flag': '0', 'keep_cost_price': '10.014', 'fund_account': '26105966', 'client_id': '031200006103', 'exchange_type': '1', 'asset_price': '9.850', 'hold_amount': '2400.00', 'frozen_amount': '0', 'cost_price': '10.014', 'profit_ratio': '-1.64', 'income_balance': '-394.00', 'av_buy_price': '10.010', 'stock_account': 'A471547189', 'current_amount': '2400.00', 'av_income_balance': '0', 'real_sell_amount': '0', 'uncome_sell_amount': '0', 'par_value': '1.000', 'last_price': '9.8500', 'delist_date': '0', 'exchange_type_dict': '上海', 'market_value': '23640.00', 'hand_flag': '0', 'position_str': '0031200000000002610596600010000000000A471547189600738', 'stock_code': '600738', 'cost_balance': '24034.00', 'stock_name': '兰州民百', 'entrust_sell_amount': '0', 'enable_amount': '2400.00', 'stock_type': '0', 'income_balance_nofare': '-394.00', 'uncome_buy_amount': '0'}], 'success': True, 'total': 3, 'error_no': 0}
2016-12-07 12:22:18,796 [INFO] gf_ant.py 137: {'date': '', 'sell': [], 'buy': []}
2016-12-07 12:22:18,796 [INFO] gf_ant.py 162: ant working ending
2016-12-07 12:23:28,339 [INFO] gf_ant.py 119: {'group': 'Ant_001', 'mail_user': 'qq3532619@163.com', 'balance': 50000, 'mail_db': 'Ant_001.txt', 'mail_pass': 'abcabc123123', 'mail_host': 'imap.163.com'}
2016-12-07 12:23:31,663 [INFO] gf_ant.py 55: <5834F092.523970.30970@mail-177180.vip.163.com>
2016-12-07 12:23:31,807 [INFO] gf_ant.py 55: <5834F0A6.0C71D7.10141@m181-177.vip.163.com>
2016-12-07 12:23:31,946 [INFO] gf_ant.py 55: <5834F09C.0C7196.10141@m181-177.vip.163.com>
2016-12-07 12:23:32,083 [INFO] gf_ant.py 55: <58364206.0E542B.10141@m181-177.vip.163.com>
2016-12-07 12:23:32,226 [INFO] gf_ant.py 55: <5836422E.542215.30970@mail-177180.vip.163.com>
2016-12-07 12:23:32,372 [INFO] gf_ant.py 55: <5836422F.542218.30970@mail-177180.vip.163.com>
2016-12-07 12:23:32,519 [INFO] gf_ant.py 55: <201611241856492403982@gtomato.com>
2016-12-07 12:23:32,660 [INFO] gf_ant.py 55: <58379383.102925.10141@m181-177.vip.163.com>
2016-12-07 12:23:32,805 [INFO] gf_ant.py 55: <583793A9.55CD6B.30970@mail-177180.vip.163.com>
2016-12-07 12:23:32,941 [INFO] gf_ant.py 55: <583793B7.55CDBC.30970@mail-177180.vip.163.com>
2016-12-07 12:23:33,068 [INFO] gf_ant.py 55: <583B8804.5A072C.30970@mail-177180.vip.163.com>
2016-12-07 12:23:33,203 [INFO] gf_ant.py 55: <583B8827.144D67.10141@m181-177.vip.163.com>
2016-12-07 12:23:33,340 [INFO] gf_ant.py 55: <583B8833.144D97.10141@m181-177.vip.163.com>
2016-12-07 12:23:34,139 [INFO] gf_ant.py 55: <583CD98B.5BFC90.30970@mail-177180.vip.163.com>
2016-12-07 12:23:34,271 [INFO] gf_ant.py 55: <583CD9B9.163490.10141@m181-177.vip.163.com>
2016-12-07 12:23:34,407 [INFO] gf_ant.py 55: <583CD9AC.5BFD00.30970@mail-177180.vip.163.com>
2016-12-07 12:23:34,549 [INFO] gf_ant.py 55: <583E2B06.5E1CB7.30970@mail-177180.vip.163.com>
2016-12-07 12:23:34,692 [INFO] gf_ant.py 55: <583F7D62.6058E4.30970@mail-177180.vip.163.com>
2016-12-07 12:23:34,834 [INFO] gf_ant.py 55: <583F7D72.605920.30970@mail-177180.vip.163.com>
2016-12-07 12:23:34,971 [INFO] gf_ant.py 55: <5840CE0F.62B0F9.30970@mail-177180.vip.163.com>
2016-12-07 12:23:35,102 [INFO] gf_ant.py 55: <5840CE21.1C957A.10141@m181-177.vip.163.com>
2016-12-07 12:23:35,239 [INFO] gf_ant.py 55: <5844C286.218FB0.10141@m181-177.vip.163.com>
2016-12-07 12:23:35,758 [INFO] gf_ant.py 55: <5844C2A0.67B4E2.30970@mail-177180.vip.163.com>
2016-12-07 12:23:35,893 [INFO] gf_ant.py 55: <5846141D.240625.10141@m181-177.vip.163.com>
2016-12-07 12:23:36,031 [INFO] gf_ant.py 55: <58461425.240653.10141@m181-177.vip.163.com>
2016-12-07 12:23:36,170 [INFO] gf_ant.py 55: <5847659B.6C69DA.30970@mail-177180.vip.163.com>
2016-12-07 12:23:36,300 [INFO] gf_ant.py 55: <584765A5.264A40.10141@m181-177.vip.163.com>
2016-12-07 12:23:36,302 [INFO] gf_ant.py 74: mail is handled
2016-12-07 12:23:36,616 [INFO] gf_ant.py 136: {'data': [{'av_income_balance': '0', 'real_sell_amount': '0', 'position_str': '0031200000000002610596600010000000000A471547189600080', 'uncome_sell_amount': '0', 'exchange_type_dict': '上海', 'av_buy_price': '12.680', 'cost_price': '12.686', 'stock_code': '600080', 'income_balance_nofare': '211.00', 'last_price': '12.9200', 'exchange_type': '1', 'profit_ratio': '1.84', 'asset_price': '12.920', 'client_id': '031200006103', 'current_amount': '900.00', 'delist_date': '0', 'enable_amount': '900.00', 'income_balance': '211.00', 'hold_amount': '900.00', 'hand_flag': '0', 'real_buy_amount': '0', 'frozen_amount': '0', 'entrust_sell_amount': '0', 'market_value': '11628.00', 'cost_balance': '11417.00', 'stock_type': '0', 'keep_cost_price': '12.686', 'delist_flag': '0', 'stock_account': 'A471547189', 'uncome_buy_amount': '0', 'fund_account': '26105966', 'stock_name': '金花股份', 'par_value': '1.000'}, {'av_income_balance': '0', 'real_sell_amount': '0', 'position_str': '0031200000000002610596600010000000000A471547189600302', 'uncome_sell_amount': '0', 'exchange_type_dict': '上海', 'av_buy_price': '10.320', 'cost_price': '10.325', 'stock_code': '600302', 'income_balance_nofare': '138.00', 'last_price': '10.4500', 'exchange_type': '1', 'profit_ratio': '1.21', 'asset_price': '10.450', 'client_id': '031200006103', 'current_amount': '1100.00', 'delist_date': '0', 'enable_amount': '1100.00', 'income_balance': '138.00', 'hold_amount': '1100.00', 'hand_flag': '0', 'real_buy_amount': '0', 'frozen_amount': '0', 'entrust_sell_amount': '0', 'market_value': '11495.00', 'cost_balance': '11357.00', 'stock_type': '0', 'keep_cost_price': '10.325', 'delist_flag': '0', 'stock_account': 'A471547189', 'uncome_buy_amount': '0', 'fund_account': '26105966', 'stock_name': '标准股份', 'par_value': '1.000'}, {'av_income_balance': '0', 'real_sell_amount': '0', 'position_str': '0031200000000002610596600010000000000A471547189600738', 'uncome_sell_amount': '0', 'exchange_type_dict': '上海', 'av_buy_price': '10.010', 'cost_price': '10.014', 'stock_code': '600738', 'income_balance_nofare': '-394.00', 'last_price': '9.8500', 'exchange_type': '1', 'profit_ratio': '-1.64', 'asset_price': '9.850', 'client_id': '031200006103', 'current_amount': '2400.00', 'delist_date': '0', 'enable_amount': '2400.00', 'income_balance': '-394.00', 'hold_amount': '2400.00', 'hand_flag': '0', 'real_buy_amount': '0', 'frozen_amount': '0', 'entrust_sell_amount': '0', 'market_value': '23640.00', 'cost_balance': '24034.00', 'stock_type': '0', 'keep_cost_price': '10.014', 'delist_flag': '0', 'stock_account': 'A471547189', 'uncome_buy_amount': '0', 'fund_account': '26105966', 'stock_name': '兰州民百', 'par_value': '1.000'}], 'total': 3, 'success': True, 'error_no': 0}
2016-12-07 12:23:36,616 [INFO] gf_ant.py 137: {'sell': [], 'buy': [], 'date': ''}
2016-12-07 12:23:36,616 [INFO] gf_ant.py 162: ant working ending
